💼 Carregando cadastro de empresas...
✅ Carregadas 106166 empresas em 17 bairros

🗺️  Convertendo pontos WKT para geometrias...
✅ 106166 pontos antes da filtragem rigorosa

🔪 GUILHOTINA: Aplicando filtro rigoroso de bounding box (remove outliers que distorcem polígonos)...
   Limites: lat -19.965 a -19.900, lon -43.980 a -43.910
✅ Removidos 4023 pontos outliers (puxavam polígonos para Nova Lima/Barreiro)
✅ 102143 pontos válidos após filtragem rigorosa

📐 Criando polígonos por bairro (convex hull)...
   ✅ CENTRO         : 25546 empresas → polígono
   ✅ SAVASSI        : 20622 empresas → polígono
   ✅ SANTA EFIGENIA :  9682 empresas → polígono
   ✅ LOURDES        :  9714 empresas → polígono
   ✅ SANTO ANTONIO  :  6311 empresas → polígono
   ✅ SERRA          :  6001 empresas → polígono
   ✅ SION           :  5059 empresas → polígono
   ✅ FUNCIONARIOS   :  4989 empresas → polígono
   ✅ BELVEDERE      :   160 empresas → polígono
   ✅ ANCHIETA       :  2968 empresas → polígono
   ✅ SAO PEDRO      :  2818 empresas → polígono
   ✅ CRUZEIRO       :  2512 empresas → polígono
   ✅ CARMO          :  2366 empresas → polígono
   ✅ BOA VIAGEM     :  1440 empresas → polígono
   ✅ SAO LUCAS      :   912 empresas → polígono
   ✅ VILA PARIS     :   735 empresas → polígono
   ✅ MANGABEIRAS    :   308 empresas → polígono

✅ 17 bairros com geometrias criadas
🌍 Reprojetando UTM → WGS84...

📍 Validando localizações (centro da região: -19.9475, -43.9472):
   CENTRO         : (-19.9193, -43.9386)
   SAVASSI        : (-19.9357, -43.9345)
   SANTA EFIGENIA : (-19.9244, -43.9198)
   LOURDES        : (-19.9310, -43.9427)
   SANTO ANTONIO  : (-19.9437, -43.9439)
   SERRA          : (-19.9401, -43.9191)
   SION           : (-19.9542, -43.9343)
   FUNCIONARIOS   : (-19.9319, -43.9280)
   BELVEDERE      : (-19.9618, -43.9388)
   ANCHIETA       : (-19.9495, -43.9269)
   SAO PEDRO      : (-19.9461, -43.9373)
   CRUZEIRO       : (-19.9442, -43.9257)
   CARMO          : (-19.9432, -43.9319)
   BOA VIAGEM     : (-19.9291, -43.9352)
   SAO LUCAS      : (-19.9309, -43.9198)
   VILA PARIS     : (-19.9503, -43.9502)
   MANGABEIRAS    : (-19.9546, -43.9185)

💰 Carregando Score_Renda (IQVU)...
✅ IQVU carregado para 79 registros

⚠️  Verificando dados ausentes:
   10 bairros sem IQVU match: ['LOURDES', 'SION', 'FUNCIONARIOS', 'ANCHIETA', 'SAO PEDRO', 'CRUZEIRO', 'CARMO', 'BOA VIAGEM', 'SAO LUCAS', 'VILA PARIS']
   ℹ️  Preenchendo com mediana dos bairros disponíveis...
   ✅ Mediana: 760.91

✅ Após limpeza: 17 bairros com dados completos

📊 Calculando saturação comercial...

🏆 Aplicando lógica de classificação com limiares otimizados...
   SATURADO: Qtd_Empresas >= 15000
   OURO: Apetite_Investidor >= 0.78 (e não Saturado)
   PRATA: Todo o resto
✅ Classificações aplicadas:
   PRATA: 11 bairros
   OURO: 4 bairros
   SATURADO: 2 bairros

📉 Calculando elevação 3D com escala visual crítica (Apetite × 3000)...
✅ Elevação 3D calculada: max=2644.2m, min=1720.2m

✅ Verificando Classificação preenchida:
   ✅ Todos os 17 bairros têm Classificação preenchida

💾 Salvando arquivos...

✅ CONCLUÍDO!
   Bairros salvos: 17
   Arquivo: data/bh_final_data.geojson
   Arquivo: data/data_final.parquet

📈 RESUMO FINAL:
==========================================================================================
SERRA              | Renda:   795.4 | Empresas:  6001 | Apetite: 0.881 | Elev 3D: 2644.215 | OURO
BELVEDERE          | Renda:   755.5 | Empresas:   160 | Apetite: 0.814 | Elev 3D: 2442.587 | OURO
SAO LUCAS          | Renda:   760.9 | Empresas:   912 | Apetite: 0.791 | Elev 3D: 2371.608 | OURO
VILA PARIS         | Renda:   760.9 | Empresas:   735 | Apetite: 0.788 | Elev 3D: 2364.192 | OURO
SION               | Renda:   760.9 | Empresas:  5059 | Apetite: 0.765 | Elev 3D: 2294.085 | PRATA
ANCHIETA           | Renda:   760.9 | Empresas:  2968 | Apetite: 0.759 | Elev 3D: 2277.717 | PRATA
SANTO ANTONIO      | Renda:   760.9 | Empresas:  6311 | Apetite: 0.754 | Elev 3D: 2261.700 | PRATA
CRUZEIRO           | Renda:   760.9 | Empresas:  2512 | Apetite: 0.750 | Elev 3D: 2249.013 | PRATA
SAO PEDRO          | Renda:   760.9 | Empresas:  2818 | Apetite: 0.746 | Elev 3D: 2238.125 | PRATA
FUNCIONARIOS       | Renda:   760.9 | Empresas:  4989 | Apetite: 0.715 | Elev 3D: 2144.307 | PRATA
BOA VIAGEM         | Renda:   760.9 | Empresas:  1440 | Apetite: 0.711 | Elev 3D: 2132.234 | PRATA
LOURDES            | Renda:   760.9 | Empresas:  9714 | Apetite: 0.701 | Elev 3D: 2101.967 | PRATA
CARMO              | Renda:   760.9 | Empresas:  2366 | Apetite: 0.682 | Elev 3D: 2045.944 | PRATA
CENTRO             | Renda:   786.4 | Empresas: 25546 | Apetite: 0.672 | Elev 3D: 2017.283 | SATURADO
MANGABEIRAS        | Renda:   698.9 | Empresas:   308 | Apetite: 0.639 | Elev 3D: 1915.727 | PRATA
SAVASSI            | Renda:   802.6 | Empresas: 20622 | Apetite: 0.639 | Elev 3D: 1915.727 | SATURADO
SANTA EFIGENIA     | Renda:   701.8 | Empresas:  9682 | Apetite: 0.573 | Elev 3D: 1720.248 | PRATA
==========================================================================================

🎯 CLASSIFICAÇÕES:
   • OPORTUNIDADE DE OURO: 0 bairros
   • SATURADO: 2 bairros
   • REGULAR: 0 bairros

