nohup: ignoring input

Collecting usage statistics. To deactivate, set browser.gatherUsageStats to false.


  You can now view your Streamlit app in your browser.

  URL: http://0.0.0.0:8501

Exception in callback AppSession._on_scriptrunner_event.<locals>.<lambda>() at /home/ubuntu/bh_etl_task/venv/lib/python3.12/site-packages/streamlit/runtime/app_session.py:544
handle: <Handle AppSession._on_scriptrunner_event.<locals>.<lambda>() at /home/ubuntu/bh_etl_task/venv/lib/python3.12/site-packages/streamlit/runtime/app_session.py:544>
Traceback (most recent call last):
  File "/usr/lib/python3.12/asyncio/events.py", line 88, in _run
    self._context.run(self._callback, *self._args)
  File "/home/ubuntu/bh_etl_task/venv/lib/python3.12/site-packages/streamlit/runtime/app_session.py", line 544, in <lambda>
    lambda: self._handle_scriptrunner_event_on_event_loop(
            ^^^^^^^^^^^^^^^^^^^^^^^^^^^^^^^^^^^^^^^^^^^^^^
  File "/home/ubuntu/bh_etl_task/venv/lib/python3.12/site-packages/streamlit/runtime/app_session.py", line 641, in _handle_scriptrunner_event_on_event_loop
    msg = self._create_new_session_message(
          ^^^^^^^^^^^^^^^^^^^^^^^^^^^^^^^^^
  File "/home/ubuntu/bh_etl_task/venv/lib/python3.12/site-packages/streamlit/runtime/app_session.py", line 763, in _create_new_session_message
    _populate_config_msg(msg.new_session.config)
  File "/home/ubuntu/bh_etl_task/venv/lib/python3.12/site-packages/streamlit/runtime/app_session.py", line 1016, in _populate_config_msg
    msg.toolbar_mode = _get_toolbar_mode()
                       ^^^^^^^^^^^^^^^^^^^
  File "/home/ubuntu/bh_etl_task/venv/lib/python3.12/site-packages/streamlit/runtime/app_session.py", line 996, in _get_toolbar_mode
    enum_value: Config.ToolbarMode.ValueType | None = getattr(
                                                      ^^^^^^^^
  File "/home/ubuntu/bh_etl_task/venv/lib/python3.12/site-packages/google/protobuf/internal/enum_type_wrapper.py", line 102, in __getattr__
    raise AttributeError('Enum {} has no value defined for name {!r}'.format(
AttributeError: Enum ToolbarMode has no value defined for name 'HIDDEN'
2026-01-28 21:31:10.393 Please replace `use_container_width` with `width`.

`use_container_width` will be removed after 2025-12-31.

For `use_container_width=True`, use `width='stretch'`. For `use_container_width=False`, use `width='content'` or specify an integer width.
Exception in callback AppSession._on_scriptrunner_event.<locals>.<lambda>() at /home/ubuntu/bh_etl_task/venv/lib/python3.12/site-packages/streamlit/runtime/app_session.py:544
handle: <Handle AppSession._on_scriptrunner_event.<locals>.<lambda>() at /home/ubuntu/bh_etl_task/venv/lib/python3.12/site-packages/streamlit/runtime/app_session.py:544>
Traceback (most recent call last):
  File "/usr/lib/python3.12/asyncio/events.py", line 88, in _run
    self._context.run(self._callback, *self._args)
  File "/home/ubuntu/bh_etl_task/venv/lib/python3.12/site-packages/streamlit/runtime/app_session.py", line 544, in <lambda>
    lambda: self._handle_scriptrunner_event_on_event_loop(
            ^^^^^^^^^^^^^^^^^^^^^^^^^^^^^^^^^^^^^^^^^^^^^^
  File "/home/ubuntu/bh_etl_task/venv/lib/python3.12/site-packages/streamlit/runtime/app_session.py", line 641, in _handle_scriptrunner_event_on_event_loop
    msg = self._create_new_session_message(
          ^^^^^^^^^^^^^^^^^^^^^^^^^^^^^^^^^
  File "/home/ubuntu/bh_etl_task/venv/lib/python3.12/site-packages/streamlit/runtime/app_session.py", line 763, in _create_new_session_message
    _populate_config_msg(msg.new_session.config)
  File "/home/ubuntu/bh_etl_task/venv/lib/python3.12/site-packages/streamlit/runtime/app_session.py", line 1016, in _populate_config_msg
    msg.toolbar_mode = _get_toolbar_mode()
                       ^^^^^^^^^^^^^^^^^^^
  File "/home/ubuntu/bh_etl_task/venv/lib/python3.12/site-packages/streamlit/runtime/app_session.py", line 996, in _get_toolbar_mode
    enum_value: Config.ToolbarMode.ValueType | None = getattr(
                                                      ^^^^^^^^
  File "/home/ubuntu/bh_etl_task/venv/lib/python3.12/site-packages/google/protobuf/internal/enum_type_wrapper.py", line 102, in __getattr__
    raise AttributeError('Enum {} has no value defined for name {!r}'.format(
AttributeError: Enum ToolbarMode has no value defined for name 'HIDDEN'
2026-01-28 21:32:56.281 Please replace `use_container_width` with `width`.

`use_container_width` will be removed after 2025-12-31.

For `use_container_width=True`, use `width='stretch'`. For `use_container_width=False`, use `width='content'` or specify an integer width.
Exception in callback AppSession._on_scriptrunner_event.<locals>.<lambda>() at /home/ubuntu/bh_etl_task/venv/lib/python3.12/site-packages/streamlit/runtime/app_session.py:544
handle: <Handle AppSession._on_scriptrunner_event.<locals>.<lambda>() at /home/ubuntu/bh_etl_task/venv/lib/python3.12/site-packages/streamlit/runtime/app_session.py:544>
Traceback (most recent call last):
  File "/usr/lib/python3.12/asyncio/events.py", line 88, in _run
    self._context.run(self._callback, *self._args)
  File "/home/ubuntu/bh_etl_task/venv/lib/python3.12/site-packages/streamlit/runtime/app_session.py", line 544, in <lambda>
    lambda: self._handle_scriptrunner_event_on_event_loop(
            ^^^^^^^^^^^^^^^^^^^^^^^^^^^^^^^^^^^^^^^^^^^^^^
  File "/home/ubuntu/bh_etl_task/venv/lib/python3.12/site-packages/streamlit/runtime/app_session.py", line 641, in _handle_scriptrunner_event_on_event_loop
    msg = self._create_new_session_message(
          ^^^^^^^^^^^^^^^^^^^^^^^^^^^^^^^^^
  File "/home/ubuntu/bh_etl_task/venv/lib/python3.12/site-packages/streamlit/runtime/app_session.py", line 763, in _create_new_session_message
    _populate_config_msg(msg.new_session.config)
  File "/home/ubuntu/bh_etl_task/venv/lib/python3.12/site-packages/streamlit/runtime/app_session.py", line 1016, in _populate_config_msg
    msg.toolbar_mode = _get_toolbar_mode()
                       ^^^^^^^^^^^^^^^^^^^
  File "/home/ubuntu/bh_etl_task/venv/lib/python3.12/site-packages/streamlit/runtime/app_session.py", line 996, in _get_toolbar_mode
    enum_value: Config.ToolbarMode.ValueType | None = getattr(
                                                      ^^^^^^^^
  File "/home/ubuntu/bh_etl_task/venv/lib/python3.12/site-packages/google/protobuf/internal/enum_type_wrapper.py", line 102, in __getattr__
    raise AttributeError('Enum {} has no value defined for name {!r}'.format(
AttributeError: Enum ToolbarMode has no value defined for name 'HIDDEN'
2026-01-28 21:33:55.807 Please replace `use_container_width` with `width`.

`use_container_width` will be removed after 2025-12-31.

For `use_container_width=True`, use `width='stretch'`. For `use_container_width=False`, use `width='content'` or specify an integer width.
Exception in callback AppSession._on_scriptrunner_event.<locals>.<lambda>() at /home/ubuntu/bh_etl_task/venv/lib/python3.12/site-packages/streamlit/runtime/app_session.py:544
handle: <Handle AppSession._on_scriptrunner_event.<locals>.<lambda>() at /home/ubuntu/bh_etl_task/venv/lib/python3.12/site-packages/streamlit/runtime/app_session.py:544>
Traceback (most recent call last):
  File "/usr/lib/python3.12/asyncio/events.py", line 88, in _run
    self._context.run(self._callback, *self._args)
  File "/home/ubuntu/bh_etl_task/venv/lib/python3.12/site-packages/streamlit/runtime/app_session.py", line 544, in <lambda>
    lambda: self._handle_scriptrunner_event_on_event_loop(
            ^^^^^^^^^^^^^^^^^^^^^^^^^^^^^^^^^^^^^^^^^^^^^^
  File "/home/ubuntu/bh_etl_task/venv/lib/python3.12/site-packages/streamlit/runtime/app_session.py", line 641, in _handle_scriptrunner_event_on_event_loop
    msg = self._create_new_session_message(
          ^^^^^^^^^^^^^^^^^^^^^^^^^^^^^^^^^
  File "/home/ubuntu/bh_etl_task/venv/lib/python3.12/site-packages/streamlit/runtime/app_session.py", line 763, in _create_new_session_message
    _populate_config_msg(msg.new_session.config)
  File "/home/ubuntu/bh_etl_task/venv/lib/python3.12/site-packages/streamlit/runtime/app_session.py", line 1016, in _populate_config_msg
    msg.toolbar_mode = _get_toolbar_mode()
                       ^^^^^^^^^^^^^^^^^^^
  File "/home/ubuntu/bh_etl_task/venv/lib/python3.12/site-packages/streamlit/runtime/app_session.py", line 996, in _get_toolbar_mode
    enum_value: Config.ToolbarMode.ValueType | None = getattr(
                                                      ^^^^^^^^
  File "/home/ubuntu/bh_etl_task/venv/lib/python3.12/site-packages/google/protobuf/internal/enum_type_wrapper.py", line 102, in __getattr__
    raise AttributeError('Enum {} has no value defined for name {!r}'.format(
AttributeError: Enum ToolbarMode has no value defined for name 'HIDDEN'
2026-01-28 21:34:18.008 Please replace `use_container_width` with `width`.

`use_container_width` will be removed after 2025-12-31.

For `use_container_width=True`, use `width='stretch'`. For `use_container_width=False`, use `width='content'` or specify an integer width.
Exception in callback AppSession._on_scriptrunner_event.<locals>.<lambda>() at /home/ubuntu/bh_etl_task/venv/lib/python3.12/site-packages/streamlit/runtime/app_session.py:544
handle: <Handle AppSession._on_scriptrunner_event.<locals>.<lambda>() at /home/ubuntu/bh_etl_task/venv/lib/python3.12/site-packages/streamlit/runtime/app_session.py:544>
Traceback (most recent call last):
  File "/usr/lib/python3.12/asyncio/events.py", line 88, in _run
    self._context.run(self._callback, *self._args)
  File "/home/ubuntu/bh_etl_task/venv/lib/python3.12/site-packages/streamlit/runtime/app_session.py", line 544, in <lambda>
    lambda: self._handle_scriptrunner_event_on_event_loop(
            ^^^^^^^^^^^^^^^^^^^^^^^^^^^^^^^^^^^^^^^^^^^^^^
  File "/home/ubuntu/bh_etl_task/venv/lib/python3.12/site-packages/streamlit/runtime/app_session.py", line 641, in _handle_scriptrunner_event_on_event_loop
    msg = self._create_new_session_message(
          ^^^^^^^^^^^^^^^^^^^^^^^^^^^^^^^^^
  File "/home/ubuntu/bh_etl_task/venv/lib/python3.12/site-packages/streamlit/runtime/app_session.py", line 763, in _create_new_session_message
    _populate_config_msg(msg.new_session.config)
  File "/home/ubuntu/bh_etl_task/venv/lib/python3.12/site-packages/streamlit/runtime/app_session.py", line 1016, in _populate_config_msg
    msg.toolbar_mode = _get_toolbar_mode()
                       ^^^^^^^^^^^^^^^^^^^
  File "/home/ubuntu/bh_etl_task/venv/lib/python3.12/site-packages/streamlit/runtime/app_session.py", line 996, in _get_toolbar_mode
    enum_value: Config.ToolbarMode.ValueType | None = getattr(
                                                      ^^^^^^^^
  File "/home/ubuntu/bh_etl_task/venv/lib/python3.12/site-packages/google/protobuf/internal/enum_type_wrapper.py", line 102, in __getattr__
    raise AttributeError('Enum {} has no value defined for name {!r}'.format(
AttributeError: Enum ToolbarMode has no value defined for name 'HIDDEN'
Exception in callback AppSession._on_scriptrunner_event.<locals>.<lambda>() at /home/ubuntu/bh_etl_task/venv/lib/python3.12/site-packages/streamlit/runtime/app_session.py:544
handle: <Handle AppSession._on_scriptrunner_event.<locals>.<lambda>() at /home/ubuntu/bh_etl_task/venv/lib/python3.12/site-packages/streamlit/runtime/app_session.py:544>
Traceback (most recent call last):
  File "/usr/lib/python3.12/asyncio/events.py", line 88, in _run
    self._context.run(self._callback, *self._args)
  File "/home/ubuntu/bh_etl_task/venv/lib/python3.12/site-packages/streamlit/runtime/app_session.py", line 544, in <lambda>
    lambda: self._handle_scriptrunner_event_on_event_loop(
            ^^^^^^^^^^^^^^^^^^^^^^^^^^^^^^^^^^^^^^^^^^^^^^
  File "/home/ubuntu/bh_etl_task/venv/lib/python3.12/site-packages/streamlit/runtime/app_session.py", line 641, in _handle_scriptrunner_event_on_event_loop
    msg = self._create_new_session_message(
          ^^^^^^^^^^^^^^^^^^^^^^^^^^^^^^^^^
  File "/home/ubuntu/bh_etl_task/venv/lib/python3.12/site-packages/streamlit/runtime/app_session.py", line 763, in _create_new_session_message
    _populate_config_msg(msg.new_session.config)
  File "/home/ubuntu/bh_etl_task/venv/lib/python3.12/site-packages/streamlit/runtime/app_session.py", line 1016, in _populate_config_msg
    msg.toolbar_mode = _get_toolbar_mode()
                       ^^^^^^^^^^^^^^^^^^^
  File "/home/ubuntu/bh_etl_task/venv/lib/python3.12/site-packages/streamlit/runtime/app_session.py", line 996, in _get_toolbar_mode
    enum_value: Config.ToolbarMode.ValueType | None = getattr(
                                                      ^^^^^^^^
  File "/home/ubuntu/bh_etl_task/venv/lib/python3.12/site-packages/google/protobuf/internal/enum_type_wrapper.py", line 102, in __getattr__
    raise AttributeError('Enum {} has no value defined for name {!r}'.format(
AttributeError: Enum ToolbarMode has no value defined for name 'HIDDEN'
Exception in callback AppSession._on_scriptrunner_event.<locals>.<lambda>() at /home/ubuntu/bh_etl_task/venv/lib/python3.12/site-packages/streamlit/runtime/app_session.py:544
handle: <Handle AppSession._on_scriptrunner_event.<locals>.<lambda>() at /home/ubuntu/bh_etl_task/venv/lib/python3.12/site-packages/streamlit/runtime/app_session.py:544>
Traceback (most recent call last):
  File "/usr/lib/python3.12/asyncio/events.py", line 88, in _run
    self._context.run(self._callback, *self._args)
  File "/home/ubuntu/bh_etl_task/venv/lib/python3.12/site-packages/streamlit/runtime/app_session.py", line 544, in <lambda>
    lambda: self._handle_scriptrunner_event_on_event_loop(
            ^^^^^^^^^^^^^^^^^^^^^^^^^^^^^^^^^^^^^^^^^^^^^^
  File "/home/ubuntu/bh_etl_task/venv/lib/python3.12/site-packages/streamlit/runtime/app_session.py", line 641, in _handle_scriptrunner_event_on_event_loop
    msg = self._create_new_session_message(
          ^^^^^^^^^^^^^^^^^^^^^^^^^^^^^^^^^
  File "/home/ubuntu/bh_etl_task/venv/lib/python3.12/site-packages/streamlit/runtime/app_session.py", line 763, in _create_new_session_message
    _populate_config_msg(msg.new_session.config)
  File "/home/ubuntu/bh_etl_task/venv/lib/python3.12/site-packages/streamlit/runtime/app_session.py", line 1016, in _populate_config_msg
    msg.toolbar_mode = _get_toolbar_mode()
                       ^^^^^^^^^^^^^^^^^^^
  File "/home/ubuntu/bh_etl_task/venv/lib/python3.12/site-packages/streamlit/runtime/app_session.py", line 996, in _get_toolbar_mode
    enum_value: Config.ToolbarMode.ValueType | None = getattr(
                                                      ^^^^^^^^
  File "/home/ubuntu/bh_etl_task/venv/lib/python3.12/site-packages/google/protobuf/internal/enum_type_wrapper.py", line 102, in __getattr__
    raise AttributeError('Enum {} has no value defined for name {!r}'.format(
AttributeError: Enum ToolbarMode has no value defined for name 'HIDDEN'
2026-01-28 21:40:31.947 Please replace `use_container_width` with `width`.

`use_container_width` will be removed after 2025-12-31.

For `use_container_width=True`, use `width='stretch'`. For `use_container_width=False`, use `width='content'` or specify an integer width.
Exception in callback AppSession._on_scriptrunner_event.<locals>.<lambda>() at /home/ubuntu/bh_etl_task/venv/lib/python3.12/site-packages/streamlit/runtime/app_session.py:544
handle: <Handle AppSession._on_scriptrunner_event.<locals>.<lambda>() at /home/ubuntu/bh_etl_task/venv/lib/python3.12/site-packages/streamlit/runtime/app_session.py:544>
Traceback (most recent call last):
  File "/usr/lib/python3.12/asyncio/events.py", line 88, in _run
    self._context.run(self._callback, *self._args)
  File "/home/ubuntu/bh_etl_task/venv/lib/python3.12/site-packages/streamlit/runtime/app_session.py", line 544, in <lambda>
    lambda: self._handle_scriptrunner_event_on_event_loop(
            ^^^^^^^^^^^^^^^^^^^^^^^^^^^^^^^^^^^^^^^^^^^^^^
  File "/home/ubuntu/bh_etl_task/venv/lib/python3.12/site-packages/streamlit/runtime/app_session.py", line 641, in _handle_scriptrunner_event_on_event_loop
    msg = self._create_new_session_message(
          ^^^^^^^^^^^^^^^^^^^^^^^^^^^^^^^^^
  File "/home/ubuntu/bh_etl_task/venv/lib/python3.12/site-packages/streamlit/runtime/app_session.py", line 763, in _create_new_session_message
    _populate_config_msg(msg.new_session.config)
  File "/home/ubuntu/bh_etl_task/venv/lib/python3.12/site-packages/streamlit/runtime/app_session.py", line 1016, in _populate_config_msg
    msg.toolbar_mode = _get_toolbar_mode()
                       ^^^^^^^^^^^^^^^^^^^
  File "/home/ubuntu/bh_etl_task/venv/lib/python3.12/site-packages/streamlit/runtime/app_session.py", line 996, in _get_toolbar_mode
    enum_value: Config.ToolbarMode.ValueType | None = getattr(
                                                      ^^^^^^^^
  File "/home/ubuntu/bh_etl_task/venv/lib/python3.12/site-packages/google/protobuf/internal/enum_type_wrapper.py", line 102, in __getattr__
    raise AttributeError('Enum {} has no value defined for name {!r}'.format(
AttributeError: Enum ToolbarMode has no value defined for name 'HIDDEN'
2026-01-28 21:40:34.008 Please replace `use_container_width` with `width`.

`use_container_width` will be removed after 2025-12-31.

For `use_container_width=True`, use `width='stretch'`. For `use_container_width=False`, use `width='content'` or specify an integer width.
Exception in callback AppSession._on_scriptrunner_event.<locals>.<lambda>() at /home/ubuntu/bh_etl_task/venv/lib/python3.12/site-packages/streamlit/runtime/app_session.py:544
handle: <Handle AppSession._on_scriptrunner_event.<locals>.<lambda>() at /home/ubuntu/bh_etl_task/venv/lib/python3.12/site-packages/streamlit/runtime/app_session.py:544>
Traceback (most recent call last):
  File "/usr/lib/python3.12/asyncio/events.py", line 88, in _run
    self._context.run(self._callback, *self._args)
  File "/home/ubuntu/bh_etl_task/venv/lib/python3.12/site-packages/streamlit/runtime/app_session.py", line 544, in <lambda>
    lambda: self._handle_scriptrunner_event_on_event_loop(
            ^^^^^^^^^^^^^^^^^^^^^^^^^^^^^^^^^^^^^^^^^^^^^^
  File "/home/ubuntu/bh_etl_task/venv/lib/python3.12/site-packages/streamlit/runtime/app_session.py", line 641, in _handle_scriptrunner_event_on_event_loop
    msg = self._create_new_session_message(
          ^^^^^^^^^^^^^^^^^^^^^^^^^^^^^^^^^
  File "/home/ubuntu/bh_etl_task/venv/lib/python3.12/site-packages/streamlit/runtime/app_session.py", line 763, in _create_new_session_message
    _populate_config_msg(msg.new_session.config)
  File "/home/ubuntu/bh_etl_task/venv/lib/python3.12/site-packages/streamlit/runtime/app_session.py", line 1016, in _populate_config_msg
    msg.toolbar_mode = _get_toolbar_mode()
                       ^^^^^^^^^^^^^^^^^^^
  File "/home/ubuntu/bh_etl_task/venv/lib/python3.12/site-packages/streamlit/runtime/app_session.py", line 996, in _get_toolbar_mode
    enum_value: Config.ToolbarMode.ValueType | None = getattr(
                                                      ^^^^^^^^
  File "/home/ubuntu/bh_etl_task/venv/lib/python3.12/site-packages/google/protobuf/internal/enum_type_wrapper.py", line 102, in __getattr__
    raise AttributeError('Enum {} has no value defined for name {!r}'.format(
AttributeError: Enum ToolbarMode has no value defined for name 'HIDDEN'
2026-01-28 21:40:53.841 Please replace `use_container_width` with `width`.

`use_container_width` will be removed after 2025-12-31.

For `use_container_width=True`, use `width='stretch'`. For `use_container_width=False`, use `width='content'` or specify an integer width.
Exception in callback AppSession._on_scriptrunner_event.<locals>.<lambda>() at /home/ubuntu/bh_etl_task/venv/lib/python3.12/site-packages/streamlit/runtime/app_session.py:544
handle: <Handle AppSession._on_scriptrunner_event.<locals>.<lambda>() at /home/ubuntu/bh_etl_task/venv/lib/python3.12/site-packages/streamlit/runtime/app_session.py:544>
Traceback (most recent call last):
  File "/usr/lib/python3.12/asyncio/events.py", line 88, in _run
    self._context.run(self._callback, *self._args)
  File "/home/ubuntu/bh_etl_task/venv/lib/python3.12/site-packages/streamlit/runtime/app_session.py", line 544, in <lambda>
    lambda: self._handle_scriptrunner_event_on_event_loop(
            ^^^^^^^^^^^^^^^^^^^^^^^^^^^^^^^^^^^^^^^^^^^^^^
  File "/home/ubuntu/bh_etl_task/venv/lib/python3.12/site-packages/streamlit/runtime/app_session.py", line 641, in _handle_scriptrunner_event_on_event_loop
    msg = self._create_new_session_message(
          ^^^^^^^^^^^^^^^^^^^^^^^^^^^^^^^^^
  File "/home/ubuntu/bh_etl_task/venv/lib/python3.12/site-packages/streamlit/runtime/app_session.py", line 763, in _create_new_session_message
    _populate_config_msg(msg.new_session.config)
  File "/home/ubuntu/bh_etl_task/venv/lib/python3.12/site-packages/streamlit/runtime/app_session.py", line 1016, in _populate_config_msg
    msg.toolbar_mode = _get_toolbar_mode()
                       ^^^^^^^^^^^^^^^^^^^
  File "/home/ubuntu/bh_etl_task/venv/lib/python3.12/site-packages/streamlit/runtime/app_session.py", line 996, in _get_toolbar_mode
    enum_value: Config.ToolbarMode.ValueType | None = getattr(
                                                      ^^^^^^^^
  File "/home/ubuntu/bh_etl_task/venv/lib/python3.12/site-packages/google/protobuf/internal/enum_type_wrapper.py", line 102, in __getattr__
    raise AttributeError('Enum {} has no value defined for name {!r}'.format(
AttributeError: Enum ToolbarMode has no value defined for name 'HIDDEN'
2026-01-28 21:41:57.257 Please replace `use_container_width` with `width`.

`use_container_width` will be removed after 2025-12-31.

For `use_container_width=True`, use `width='stretch'`. For `use_container_width=False`, use `width='content'` or specify an integer width.
Exception in callback AppSession._on_scriptrunner_event.<locals>.<lambda>() at /home/ubuntu/bh_etl_task/venv/lib/python3.12/site-packages/streamlit/runtime/app_session.py:544
handle: <Handle AppSession._on_scriptrunner_event.<locals>.<lambda>() at /home/ubuntu/bh_etl_task/venv/lib/python3.12/site-packages/streamlit/runtime/app_session.py:544>
Traceback (most recent call last):
  File "/usr/lib/python3.12/asyncio/events.py", line 88, in _run
    self._context.run(self._callback, *self._args)
  File "/home/ubuntu/bh_etl_task/venv/lib/python3.12/site-packages/streamlit/runtime/app_session.py", line 544, in <lambda>
    lambda: self._handle_scriptrunner_event_on_event_loop(
            ^^^^^^^^^^^^^^^^^^^^^^^^^^^^^^^^^^^^^^^^^^^^^^
  File "/home/ubuntu/bh_etl_task/venv/lib/python3.12/site-packages/streamlit/runtime/app_session.py", line 641, in _handle_scriptrunner_event_on_event_loop
    msg = self._create_new_session_message(
          ^^^^^^^^^^^^^^^^^^^^^^^^^^^^^^^^^
  File "/home/ubuntu/bh_etl_task/venv/lib/python3.12/site-packages/streamlit/runtime/app_session.py", line 763, in _create_new_session_message
    _populate_config_msg(msg.new_session.config)
  File "/home/ubuntu/bh_etl_task/venv/lib/python3.12/site-packages/streamlit/runtime/app_session.py", line 1016, in _populate_config_msg
    msg.toolbar_mode = _get_toolbar_mode()
                       ^^^^^^^^^^^^^^^^^^^
  File "/home/ubuntu/bh_etl_task/venv/lib/python3.12/site-packages/streamlit/runtime/app_session.py", line 996, in _get_toolbar_mode
    enum_value: Config.ToolbarMode.ValueType | None = getattr(
                                                      ^^^^^^^^
  File "/home/ubuntu/bh_etl_task/venv/lib/python3.12/site-packages/google/protobuf/internal/enum_type_wrapper.py", line 102, in __getattr__
    raise AttributeError('Enum {} has no value defined for name {!r}'.format(
AttributeError: Enum ToolbarMode has no value defined for name 'HIDDEN'
2026-01-28 21:41:59.032 Please replace `use_container_width` with `width`.

`use_container_width` will be removed after 2025-12-31.

For `use_container_width=True`, use `width='stretch'`. For `use_container_width=False`, use `width='content'` or specify an integer width.
Exception in callback AppSession._on_scriptrunner_event.<locals>.<lambda>() at /home/ubuntu/bh_etl_task/venv/lib/python3.12/site-packages/streamlit/runtime/app_session.py:544
handle: <Handle AppSession._on_scriptrunner_event.<locals>.<lambda>() at /home/ubuntu/bh_etl_task/venv/lib/python3.12/site-packages/streamlit/runtime/app_session.py:544>
Traceback (most recent call last):
  File "/usr/lib/python3.12/asyncio/events.py", line 88, in _run
    self._context.run(self._callback, *self._args)
  File "/home/ubuntu/bh_etl_task/venv/lib/python3.12/site-packages/streamlit/runtime/app_session.py", line 544, in <lambda>
    lambda: self._handle_scriptrunner_event_on_event_loop(
            ^^^^^^^^^^^^^^^^^^^^^^^^^^^^^^^^^^^^^^^^^^^^^^
  File "/home/ubuntu/bh_etl_task/venv/lib/python3.12/site-packages/streamlit/runtime/app_session.py", line 641, in _handle_scriptrunner_event_on_event_loop
    msg = self._create_new_session_message(
          ^^^^^^^^^^^^^^^^^^^^^^^^^^^^^^^^^
  File "/home/ubuntu/bh_etl_task/venv/lib/python3.12/site-packages/streamlit/runtime/app_session.py", line 763, in _create_new_session_message
    _populate_config_msg(msg.new_session.config)
  File "/home/ubuntu/bh_etl_task/venv/lib/python3.12/site-packages/streamlit/runtime/app_session.py", line 1016, in _populate_config_msg
    msg.toolbar_mode = _get_toolbar_mode()
                       ^^^^^^^^^^^^^^^^^^^
  File "/home/ubuntu/bh_etl_task/venv/lib/python3.12/site-packages/streamlit/runtime/app_session.py", line 996, in _get_toolbar_mode
    enum_value: Config.ToolbarMode.ValueType | None = getattr(
                                                      ^^^^^^^^
  File "/home/ubuntu/bh_etl_task/venv/lib/python3.12/site-packages/google/protobuf/internal/enum_type_wrapper.py", line 102, in __getattr__
    raise AttributeError('Enum {} has no value defined for name {!r}'.format(
AttributeError: Enum ToolbarMode has no value defined for name 'HIDDEN'
2026-01-28 21:42:43.349 Please replace `use_container_width` with `width`.

`use_container_width` will be removed after 2025-12-31.

For `use_container_width=True`, use `width='stretch'`. For `use_container_width=False`, use `width='content'` or specify an integer width.
Exception in callback AppSession._on_scriptrunner_event.<locals>.<lambda>() at /home/ubuntu/bh_etl_task/venv/lib/python3.12/site-packages/streamlit/runtime/app_session.py:544
handle: <Handle AppSession._on_scriptrunner_event.<locals>.<lambda>() at /home/ubuntu/bh_etl_task/venv/lib/python3.12/site-packages/streamlit/runtime/app_session.py:544>
Traceback (most recent call last):
  File "/usr/lib/python3.12/asyncio/events.py", line 88, in _run
    self._context.run(self._callback, *self._args)
  File "/home/ubuntu/bh_etl_task/venv/lib/python3.12/site-packages/streamlit/runtime/app_session.py", line 544, in <lambda>
    lambda: self._handle_scriptrunner_event_on_event_loop(
            ^^^^^^^^^^^^^^^^^^^^^^^^^^^^^^^^^^^^^^^^^^^^^^
  File "/home/ubuntu/bh_etl_task/venv/lib/python3.12/site-packages/streamlit/runtime/app_session.py", line 641, in _handle_scriptrunner_event_on_event_loop
    msg = self._create_new_session_message(
          ^^^^^^^^^^^^^^^^^^^^^^^^^^^^^^^^^
  File "/home/ubuntu/bh_etl_task/venv/lib/python3.12/site-packages/streamlit/runtime/app_session.py", line 763, in _create_new_session_message
    _populate_config_msg(msg.new_session.config)
  File "/home/ubuntu/bh_etl_task/venv/lib/python3.12/site-packages/streamlit/runtime/app_session.py", line 1016, in _populate_config_msg
    msg.toolbar_mode = _get_toolbar_mode()
                       ^^^^^^^^^^^^^^^^^^^
  File "/home/ubuntu/bh_etl_task/venv/lib/python3.12/site-packages/streamlit/runtime/app_session.py", line 996, in _get_toolbar_mode
    enum_value: Config.ToolbarMode.ValueType | None = getattr(
                                                      ^^^^^^^^
  File "/home/ubuntu/bh_etl_task/venv/lib/python3.12/site-packages/google/protobuf/internal/enum_type_wrapper.py", line 102, in __getattr__
    raise AttributeError('Enum {} has no value defined for name {!r}'.format(
AttributeError: Enum ToolbarMode has no value defined for name 'HIDDEN'
2026-01-28 21:45:50.043 Please replace `use_container_width` with `width`.

`use_container_width` will be removed after 2025-12-31.

For `use_container_width=True`, use `width='stretch'`. For `use_container_width=False`, use `width='content'` or specify an integer width.
Exception in callback AppSession._on_scriptrunner_event.<locals>.<lambda>() at /home/ubuntu/bh_etl_task/venv/lib/python3.12/site-packages/streamlit/runtime/app_session.py:544
handle: <Handle AppSession._on_scriptrunner_event.<locals>.<lambda>() at /home/ubuntu/bh_etl_task/venv/lib/python3.12/site-packages/streamlit/runtime/app_session.py:544>
Traceback (most recent call last):
  File "/usr/lib/python3.12/asyncio/events.py", line 88, in _run
    self._context.run(self._callback, *self._args)
  File "/home/ubuntu/bh_etl_task/venv/lib/python3.12/site-packages/streamlit/runtime/app_session.py", line 544, in <lambda>
    lambda: self._handle_scriptrunner_event_on_event_loop(
            ^^^^^^^^^^^^^^^^^^^^^^^^^^^^^^^^^^^^^^^^^^^^^^
  File "/home/ubuntu/bh_etl_task/venv/lib/python3.12/site-packages/streamlit/runtime/app_session.py", line 641, in _handle_scriptrunner_event_on_event_loop
    msg = self._create_new_session_message(
          ^^^^^^^^^^^^^^^^^^^^^^^^^^^^^^^^^
  File "/home/ubuntu/bh_etl_task/venv/lib/python3.12/site-packages/streamlit/runtime/app_session.py", line 763, in _create_new_session_message
    _populate_config_msg(msg.new_session.config)
  File "/home/ubuntu/bh_etl_task/venv/lib/python3.12/site-packages/streamlit/runtime/app_session.py", line 1016, in _populate_config_msg
    msg.toolbar_mode = _get_toolbar_mode()
                       ^^^^^^^^^^^^^^^^^^^
  File "/home/ubuntu/bh_etl_task/venv/lib/python3.12/site-packages/streamlit/runtime/app_session.py", line 996, in _get_toolbar_mode
    enum_value: Config.ToolbarMode.ValueType | None = getattr(
                                                      ^^^^^^^^
  File "/home/ubuntu/bh_etl_task/venv/lib/python3.12/site-packages/google/protobuf/internal/enum_type_wrapper.py", line 102, in __getattr__
    raise AttributeError('Enum {} has no value defined for name {!r}'.format(
AttributeError: Enum ToolbarMode has no value defined for name 'HIDDEN'
2026-01-28 21:49:49.223 Please replace `use_container_width` with `width`.

`use_container_width` will be removed after 2025-12-31.

For `use_container_width=True`, use `width='stretch'`. For `use_container_width=False`, use `width='content'` or specify an integer width.
Exception in callback AppSession._on_scriptrunner_event.<locals>.<lambda>() at /home/ubuntu/bh_etl_task/venv/lib/python3.12/site-packages/streamlit/runtime/app_session.py:544
handle: <Handle AppSession._on_scriptrunner_event.<locals>.<lambda>() at /home/ubuntu/bh_etl_task/venv/lib/python3.12/site-packages/streamlit/runtime/app_session.py:544>
Traceback (most recent call last):
  File "/usr/lib/python3.12/asyncio/events.py", line 88, in _run
    self._context.run(self._callback, *self._args)
  File "/home/ubuntu/bh_etl_task/venv/lib/python3.12/site-packages/streamlit/runtime/app_session.py", line 544, in <lambda>
    lambda: self._handle_scriptrunner_event_on_event_loop(
            ^^^^^^^^^^^^^^^^^^^^^^^^^^^^^^^^^^^^^^^^^^^^^^
  File "/home/ubuntu/bh_etl_task/venv/lib/python3.12/site-packages/streamlit/runtime/app_session.py", line 641, in _handle_scriptrunner_event_on_event_loop
    msg = self._create_new_session_message(
          ^^^^^^^^^^^^^^^^^^^^^^^^^^^^^^^^^
  File "/home/ubuntu/bh_etl_task/venv/lib/python3.12/site-packages/streamlit/runtime/app_session.py", line 763, in _create_new_session_message
    _populate_config_msg(msg.new_session.config)
  File "/home/ubuntu/bh_etl_task/venv/lib/python3.12/site-packages/streamlit/runtime/app_session.py", line 1016, in _populate_config_msg
    msg.toolbar_mode = _get_toolbar_mode()
                       ^^^^^^^^^^^^^^^^^^^
  File "/home/ubuntu/bh_etl_task/venv/lib/python3.12/site-packages/streamlit/runtime/app_session.py", line 996, in _get_toolbar_mode
    enum_value: Config.ToolbarMode.ValueType | None = getattr(
                                                      ^^^^^^^^
  File "/home/ubuntu/bh_etl_task/venv/lib/python3.12/site-packages/google/protobuf/internal/enum_type_wrapper.py", line 102, in __getattr__
    raise AttributeError('Enum {} has no value defined for name {!r}'.format(
AttributeError: Enum ToolbarMode has no value defined for name 'HIDDEN'
2026-01-28 21:54:03.738 Please replace `use_container_width` with `width`.

`use_container_width` will be removed after 2025-12-31.

For `use_container_width=True`, use `width='stretch'`. For `use_container_width=False`, use `width='content'` or specify an integer width.
Exception in callback AppSession._on_scriptrunner_event.<locals>.<lambda>() at /home/ubuntu/bh_etl_task/venv/lib/python3.12/site-packages/streamlit/runtime/app_session.py:544
handle: <Handle AppSession._on_scriptrunner_event.<locals>.<lambda>() at /home/ubuntu/bh_etl_task/venv/lib/python3.12/site-packages/streamlit/runtime/app_session.py:544>
Traceback (most recent call last):
  File "/usr/lib/python3.12/asyncio/events.py", line 88, in _run
    self._context.run(self._callback, *self._args)
  File "/home/ubuntu/bh_etl_task/venv/lib/python3.12/site-packages/streamlit/runtime/app_session.py", line 544, in <lambda>
    lambda: self._handle_scriptrunner_event_on_event_loop(
            ^^^^^^^^^^^^^^^^^^^^^^^^^^^^^^^^^^^^^^^^^^^^^^
  File "/home/ubuntu/bh_etl_task/venv/lib/python3.12/site-packages/streamlit/runtime/app_session.py", line 641, in _handle_scriptrunner_event_on_event_loop
    msg = self._create_new_session_message(
          ^^^^^^^^^^^^^^^^^^^^^^^^^^^^^^^^^
  File "/home/ubuntu/bh_etl_task/venv/lib/python3.12/site-packages/streamlit/runtime/app_session.py", line 763, in _create_new_session_message
    _populate_config_msg(msg.new_session.config)
  File "/home/ubuntu/bh_etl_task/venv/lib/python3.12/site-packages/streamlit/runtime/app_session.py", line 1016, in _populate_config_msg
    msg.toolbar_mode = _get_toolbar_mode()
                       ^^^^^^^^^^^^^^^^^^^
  File "/home/ubuntu/bh_etl_task/venv/lib/python3.12/site-packages/streamlit/runtime/app_session.py", line 996, in _get_toolbar_mode
    enum_value: Config.ToolbarMode.ValueType | None = getattr(
                                                      ^^^^^^^^
  File "/home/ubuntu/bh_etl_task/venv/lib/python3.12/site-packages/google/protobuf/internal/enum_type_wrapper.py", line 102, in __getattr__
    raise AttributeError('Enum {} has no value defined for name {!r}'.format(
AttributeError: Enum ToolbarMode has no value defined for name 'HIDDEN'
2026-01-28 22:05:46.010 Please replace `use_container_width` with `width`.

`use_container_width` will be removed after 2025-12-31.

For `use_container_width=True`, use `width='stretch'`. For `use_container_width=False`, use `width='content'` or specify an integer width.
Exception in callback AppSession._on_scriptrunner_event.<locals>.<lambda>() at /home/ubuntu/bh_etl_task/venv/lib/python3.12/site-packages/streamlit/runtime/app_session.py:544
handle: <Handle AppSession._on_scriptrunner_event.<locals>.<lambda>() at /home/ubuntu/bh_etl_task/venv/lib/python3.12/site-packages/streamlit/runtime/app_session.py:544>
Traceback (most recent call last):
  File "/usr/lib/python3.12/asyncio/events.py", line 88, in _run
    self._context.run(self._callback, *self._args)
  File "/home/ubuntu/bh_etl_task/venv/lib/python3.12/site-packages/streamlit/runtime/app_session.py", line 544, in <lambda>
    lambda: self._handle_scriptrunner_event_on_event_loop(
            ^^^^^^^^^^^^^^^^^^^^^^^^^^^^^^^^^^^^^^^^^^^^^^
  File "/home/ubuntu/bh_etl_task/venv/lib/python3.12/site-packages/streamlit/runtime/app_session.py", line 641, in _handle_scriptrunner_event_on_event_loop
    msg = self._create_new_session_message(
          ^^^^^^^^^^^^^^^^^^^^^^^^^^^^^^^^^
  File "/home/ubuntu/bh_etl_task/venv/lib/python3.12/site-packages/streamlit/runtime/app_session.py", line 763, in _create_new_session_message
    _populate_config_msg(msg.new_session.config)
  File "/home/ubuntu/bh_etl_task/venv/lib/python3.12/site-packages/streamlit/runtime/app_session.py", line 1016, in _populate_config_msg
    msg.toolbar_mode = _get_toolbar_mode()
                       ^^^^^^^^^^^^^^^^^^^
  File "/home/ubuntu/bh_etl_task/venv/lib/python3.12/site-packages/streamlit/runtime/app_session.py", line 996, in _get_toolbar_mode
    enum_value: Config.ToolbarMode.ValueType | None = getattr(
                                                      ^^^^^^^^
  File "/home/ubuntu/bh_etl_task/venv/lib/python3.12/site-packages/google/protobuf/internal/enum_type_wrapper.py", line 102, in __getattr__
    raise AttributeError('Enum {} has no value defined for name {!r}'.format(
AttributeError: Enum ToolbarMode has no value defined for name 'HIDDEN'
2026-01-28 22:12:02.073 Please replace `use_container_width` with `width`.

`use_container_width` will be removed after 2025-12-31.

For `use_container_width=True`, use `width='stretch'`. For `use_container_width=False`, use `width='content'` or specify an integer width.
Exception in callback AppSession._on_scriptrunner_event.<locals>.<lambda>() at /home/ubuntu/bh_etl_task/venv/lib/python3.12/site-packages/streamlit/runtime/app_session.py:544
handle: <Handle AppSession._on_scriptrunner_event.<locals>.<lambda>() at /home/ubuntu/bh_etl_task/venv/lib/python3.12/site-packages/streamlit/runtime/app_session.py:544>
Traceback (most recent call last):
  File "/usr/lib/python3.12/asyncio/events.py", line 88, in _run
    self._context.run(self._callback, *self._args)
  File "/home/ubuntu/bh_etl_task/venv/lib/python3.12/site-packages/streamlit/runtime/app_session.py", line 544, in <lambda>
    lambda: self._handle_scriptrunner_event_on_event_loop(
            ^^^^^^^^^^^^^^^^^^^^^^^^^^^^^^^^^^^^^^^^^^^^^^
  File "/home/ubuntu/bh_etl_task/venv/lib/python3.12/site-packages/streamlit/runtime/app_session.py", line 641, in _handle_scriptrunner_event_on_event_loop
    msg = self._create_new_session_message(
          ^^^^^^^^^^^^^^^^^^^^^^^^^^^^^^^^^
  File "/home/ubuntu/bh_etl_task/venv/lib/python3.12/site-packages/streamlit/runtime/app_session.py", line 763, in _create_new_session_message
    _populate_config_msg(msg.new_session.config)
  File "/home/ubuntu/bh_etl_task/venv/lib/python3.12/site-packages/streamlit/runtime/app_session.py", line 1016, in _populate_config_msg
    msg.toolbar_mode = _get_toolbar_mode()
                       ^^^^^^^^^^^^^^^^^^^
  File "/home/ubuntu/bh_etl_task/venv/lib/python3.12/site-packages/streamlit/runtime/app_session.py", line 996, in _get_toolbar_mode
    enum_value: Config.ToolbarMode.ValueType | None = getattr(
                                                      ^^^^^^^^
  File "/home/ubuntu/bh_etl_task/venv/lib/python3.12/site-packages/google/protobuf/internal/enum_type_wrapper.py", line 102, in __getattr__
    raise AttributeError('Enum {} has no value defined for name {!r}'.format(
AttributeError: Enum ToolbarMode has no value defined for name 'HIDDEN'
2026-01-28 22:12:45.120 Please replace `use_container_width` with `width`.

`use_container_width` will be removed after 2025-12-31.

For `use_container_width=True`, use `width='stretch'`. For `use_container_width=False`, use `width='content'` or specify an integer width.
Exception in callback AppSession._on_scriptrunner_event.<locals>.<lambda>() at /home/ubuntu/bh_etl_task/venv/lib/python3.12/site-packages/streamlit/runtime/app_session.py:544
handle: <Handle AppSession._on_scriptrunner_event.<locals>.<lambda>() at /home/ubuntu/bh_etl_task/venv/lib/python3.12/site-packages/streamlit/runtime/app_session.py:544>
Traceback (most recent call last):
  File "/usr/lib/python3.12/asyncio/events.py", line 88, in _run
    self._context.run(self._callback, *self._args)
  File "/home/ubuntu/bh_etl_task/venv/lib/python3.12/site-packages/streamlit/runtime/app_session.py", line 544, in <lambda>
    lambda: self._handle_scriptrunner_event_on_event_loop(
            ^^^^^^^^^^^^^^^^^^^^^^^^^^^^^^^^^^^^^^^^^^^^^^
  File "/home/ubuntu/bh_etl_task/venv/lib/python3.12/site-packages/streamlit/runtime/app_session.py", line 641, in _handle_scriptrunner_event_on_event_loop
    msg = self._create_new_session_message(
          ^^^^^^^^^^^^^^^^^^^^^^^^^^^^^^^^^
  File "/home/ubuntu/bh_etl_task/venv/lib/python3.12/site-packages/streamlit/runtime/app_session.py", line 763, in _create_new_session_message
    _populate_config_msg(msg.new_session.config)
  File "/home/ubuntu/bh_etl_task/venv/lib/python3.12/site-packages/streamlit/runtime/app_session.py", line 1016, in _populate_config_msg
    msg.toolbar_mode = _get_toolbar_mode()
                       ^^^^^^^^^^^^^^^^^^^
  File "/home/ubuntu/bh_etl_task/venv/lib/python3.12/site-packages/streamlit/runtime/app_session.py", line 996, in _get_toolbar_mode
    enum_value: Config.ToolbarMode.ValueType | None = getattr(
                                                      ^^^^^^^^
  File "/home/ubuntu/bh_etl_task/venv/lib/python3.12/site-packages/google/protobuf/internal/enum_type_wrapper.py", line 102, in __getattr__
    raise AttributeError('Enum {} has no value defined for name {!r}'.format(
AttributeError: Enum ToolbarMode has no value defined for name 'HIDDEN'
2026-01-28 22:12:47.408 Please replace `use_container_width` with `width`.

`use_container_width` will be removed after 2025-12-31.

For `use_container_width=True`, use `width='stretch'`. For `use_container_width=False`, use `width='content'` or specify an integer width.
Exception in callback AppSession._on_scriptrunner_event.<locals>.<lambda>() at /home/ubuntu/bh_etl_task/venv/lib/python3.12/site-packages/streamlit/runtime/app_session.py:544
handle: <Handle AppSession._on_scriptrunner_event.<locals>.<lambda>() at /home/ubuntu/bh_etl_task/venv/lib/python3.12/site-packages/streamlit/runtime/app_session.py:544>
Traceback (most recent call last):
  File "/usr/lib/python3.12/asyncio/events.py", line 88, in _run
    self._context.run(self._callback, *self._args)
  File "/home/ubuntu/bh_etl_task/venv/lib/python3.12/site-packages/streamlit/runtime/app_session.py", line 544, in <lambda>
    lambda: self._handle_scriptrunner_event_on_event_loop(
            ^^^^^^^^^^^^^^^^^^^^^^^^^^^^^^^^^^^^^^^^^^^^^^
  File "/home/ubuntu/bh_etl_task/venv/lib/python3.12/site-packages/streamlit/runtime/app_session.py", line 641, in _handle_scriptrunner_event_on_event_loop
    msg = self._create_new_session_message(
          ^^^^^^^^^^^^^^^^^^^^^^^^^^^^^^^^^
  File "/home/ubuntu/bh_etl_task/venv/lib/python3.12/site-packages/streamlit/runtime/app_session.py", line 763, in _create_new_session_message
    _populate_config_msg(msg.new_session.config)
  File "/home/ubuntu/bh_etl_task/venv/lib/python3.12/site-packages/streamlit/runtime/app_session.py", line 1016, in _populate_config_msg
    msg.toolbar_mode = _get_toolbar_mode()
                       ^^^^^^^^^^^^^^^^^^^
  File "/home/ubuntu/bh_etl_task/venv/lib/python3.12/site-packages/streamlit/runtime/app_session.py", line 996, in _get_toolbar_mode
    enum_value: Config.ToolbarMode.ValueType | None = getattr(
                                                      ^^^^^^^^
  File "/home/ubuntu/bh_etl_task/venv/lib/python3.12/site-packages/google/protobuf/internal/enum_type_wrapper.py", line 102, in __getattr__
    raise AttributeError('Enum {} has no value defined for name {!r}'.format(
AttributeError: Enum ToolbarMode has no value defined for name 'HIDDEN'
2026-01-28 22:12:57.394 Please replace `use_container_width` with `width`.

`use_container_width` will be removed after 2025-12-31.

For `use_container_width=True`, use `width='stretch'`. For `use_container_width=False`, use `width='content'` or specify an integer width.
Exception in callback AppSession._on_scriptrunner_event.<locals>.<lambda>() at /home/ubuntu/bh_etl_task/venv/lib/python3.12/site-packages/streamlit/runtime/app_session.py:544
handle: <Handle AppSession._on_scriptrunner_event.<locals>.<lambda>() at /home/ubuntu/bh_etl_task/venv/lib/python3.12/site-packages/streamlit/runtime/app_session.py:544>
Traceback (most recent call last):
  File "/usr/lib/python3.12/asyncio/events.py", line 88, in _run
    self._context.run(self._callback, *self._args)
  File "/home/ubuntu/bh_etl_task/venv/lib/python3.12/site-packages/streamlit/runtime/app_session.py", line 544, in <lambda>
    lambda: self._handle_scriptrunner_event_on_event_loop(
            ^^^^^^^^^^^^^^^^^^^^^^^^^^^^^^^^^^^^^^^^^^^^^^
  File "/home/ubuntu/bh_etl_task/venv/lib/python3.12/site-packages/streamlit/runtime/app_session.py", line 641, in _handle_scriptrunner_event_on_event_loop
    msg = self._create_new_session_message(
          ^^^^^^^^^^^^^^^^^^^^^^^^^^^^^^^^^
  File "/home/ubuntu/bh_etl_task/venv/lib/python3.12/site-packages/streamlit/runtime/app_session.py", line 763, in _create_new_session_message
    _populate_config_msg(msg.new_session.config)
  File "/home/ubuntu/bh_etl_task/venv/lib/python3.12/site-packages/streamlit/runtime/app_session.py", line 1016, in _populate_config_msg
    msg.toolbar_mode = _get_toolbar_mode()
                       ^^^^^^^^^^^^^^^^^^^
  File "/home/ubuntu/bh_etl_task/venv/lib/python3.12/site-packages/streamlit/runtime/app_session.py", line 996, in _get_toolbar_mode
    enum_value: Config.ToolbarMode.ValueType | None = getattr(
                                                      ^^^^^^^^
  File "/home/ubuntu/bh_etl_task/venv/lib/python3.12/site-packages/google/protobuf/internal/enum_type_wrapper.py", line 102, in __getattr__
    raise AttributeError('Enum {} has no value defined for name {!r}'.format(
AttributeError: Enum ToolbarMode has no value defined for name 'HIDDEN'
2026-01-28 22:13:08.725 Please replace `use_container_width` with `width`.

`use_container_width` will be removed after 2025-12-31.

For `use_container_width=True`, use `width='stretch'`. For `use_container_width=False`, use `width='content'` or specify an integer width.
Exception in callback AppSession._on_scriptrunner_event.<locals>.<lambda>() at /home/ubuntu/bh_etl_task/venv/lib/python3.12/site-packages/streamlit/runtime/app_session.py:544
handle: <Handle AppSession._on_scriptrunner_event.<locals>.<lambda>() at /home/ubuntu/bh_etl_task/venv/lib/python3.12/site-packages/streamlit/runtime/app_session.py:544>
Traceback (most recent call last):
  File "/usr/lib/python3.12/asyncio/events.py", line 88, in _run
    self._context.run(self._callback, *self._args)
  File "/home/ubuntu/bh_etl_task/venv/lib/python3.12/site-packages/streamlit/runtime/app_session.py", line 544, in <lambda>
    lambda: self._handle_scriptrunner_event_on_event_loop(
            ^^^^^^^^^^^^^^^^^^^^^^^^^^^^^^^^^^^^^^^^^^^^^^
  File "/home/ubuntu/bh_etl_task/venv/lib/python3.12/site-packages/streamlit/runtime/app_session.py", line 641, in _handle_scriptrunner_event_on_event_loop
    msg = self._create_new_session_message(
          ^^^^^^^^^^^^^^^^^^^^^^^^^^^^^^^^^
  File "/home/ubuntu/bh_etl_task/venv/lib/python3.12/site-packages/streamlit/runtime/app_session.py", line 763, in _create_new_session_message
    _populate_config_msg(msg.new_session.config)
  File "/home/ubuntu/bh_etl_task/venv/lib/python3.12/site-packages/streamlit/runtime/app_session.py", line 1016, in _populate_config_msg
    msg.toolbar_mode = _get_toolbar_mode()
                       ^^^^^^^^^^^^^^^^^^^
  File "/home/ubuntu/bh_etl_task/venv/lib/python3.12/site-packages/streamlit/runtime/app_session.py", line 996, in _get_toolbar_mode
    enum_value: Config.ToolbarMode.ValueType | None = getattr(
                                                      ^^^^^^^^
  File "/home/ubuntu/bh_etl_task/venv/lib/python3.12/site-packages/google/protobuf/internal/enum_type_wrapper.py", line 102, in __getattr__
    raise AttributeError('Enum {} has no value defined for name {!r}'.format(
AttributeError: Enum ToolbarMode has no value defined for name 'HIDDEN'
2026-01-28 22:13:09.596 Please replace `use_container_width` with `width`.

`use_container_width` will be removed after 2025-12-31.

For `use_container_width=True`, use `width='stretch'`. For `use_container_width=False`, use `width='content'` or specify an integer width.
Exception in callback AppSession._on_scriptrunner_event.<locals>.<lambda>() at /home/ubuntu/bh_etl_task/venv/lib/python3.12/site-packages/streamlit/runtime/app_session.py:544
handle: <Handle AppSession._on_scriptrunner_event.<locals>.<lambda>() at /home/ubuntu/bh_etl_task/venv/lib/python3.12/site-packages/streamlit/runtime/app_session.py:544>
Traceback (most recent call last):
  File "/usr/lib/python3.12/asyncio/events.py", line 88, in _run
    self._context.run(self._callback, *self._args)
  File "/home/ubuntu/bh_etl_task/venv/lib/python3.12/site-packages/streamlit/runtime/app_session.py", line 544, in <lambda>
    lambda: self._handle_scriptrunner_event_on_event_loop(
            ^^^^^^^^^^^^^^^^^^^^^^^^^^^^^^^^^^^^^^^^^^^^^^
  File "/home/ubuntu/bh_etl_task/venv/lib/python3.12/site-packages/streamlit/runtime/app_session.py", line 641, in _handle_scriptrunner_event_on_event_loop
    msg = self._create_new_session_message(
          ^^^^^^^^^^^^^^^^^^^^^^^^^^^^^^^^^
  File "/home/ubuntu/bh_etl_task/venv/lib/python3.12/site-packages/streamlit/runtime/app_session.py", line 763, in _create_new_session_message
    _populate_config_msg(msg.new_session.config)
  File "/home/ubuntu/bh_etl_task/venv/lib/python3.12/site-packages/streamlit/runtime/app_session.py", line 1016, in _populate_config_msg
    msg.toolbar_mode = _get_toolbar_mode()
                       ^^^^^^^^^^^^^^^^^^^
  File "/home/ubuntu/bh_etl_task/venv/lib/python3.12/site-packages/streamlit/runtime/app_session.py", line 996, in _get_toolbar_mode
    enum_value: Config.ToolbarMode.ValueType | None = getattr(
                                                      ^^^^^^^^
  File "/home/ubuntu/bh_etl_task/venv/lib/python3.12/site-packages/google/protobuf/internal/enum_type_wrapper.py", line 102, in __getattr__
    raise AttributeError('Enum {} has no value defined for name {!r}'.format(
AttributeError: Enum ToolbarMode has no value defined for name 'HIDDEN'
2026-01-28 22:13:19.086 Please replace `use_container_width` with `width`.

`use_container_width` will be removed after 2025-12-31.

For `use_container_width=True`, use `width='stretch'`. For `use_container_width=False`, use `width='content'` or specify an integer width.
Exception in callback AppSession._on_scriptrunner_event.<locals>.<lambda>() at /home/ubuntu/bh_etl_task/venv/lib/python3.12/site-packages/streamlit/runtime/app_session.py:544
handle: <Handle AppSession._on_scriptrunner_event.<locals>.<lambda>() at /home/ubuntu/bh_etl_task/venv/lib/python3.12/site-packages/streamlit/runtime/app_session.py:544>
Traceback (most recent call last):
  File "/usr/lib/python3.12/asyncio/events.py", line 88, in _run
    self._context.run(self._callback, *self._args)
  File "/home/ubuntu/bh_etl_task/venv/lib/python3.12/site-packages/streamlit/runtime/app_session.py", line 544, in <lambda>
    lambda: self._handle_scriptrunner_event_on_event_loop(
            ^^^^^^^^^^^^^^^^^^^^^^^^^^^^^^^^^^^^^^^^^^^^^^
  File "/home/ubuntu/bh_etl_task/venv/lib/python3.12/site-packages/streamlit/runtime/app_session.py", line 641, in _handle_scriptrunner_event_on_event_loop
    msg = self._create_new_session_message(
          ^^^^^^^^^^^^^^^^^^^^^^^^^^^^^^^^^
  File "/home/ubuntu/bh_etl_task/venv/lib/python3.12/site-packages/streamlit/runtime/app_session.py", line 763, in _create_new_session_message
    _populate_config_msg(msg.new_session.config)
  File "/home/ubuntu/bh_etl_task/venv/lib/python3.12/site-packages/streamlit/runtime/app_session.py", line 1016, in _populate_config_msg
    msg.toolbar_mode = _get_toolbar_mode()
                       ^^^^^^^^^^^^^^^^^^^
  File "/home/ubuntu/bh_etl_task/venv/lib/python3.12/site-packages/streamlit/runtime/app_session.py", line 996, in _get_toolbar_mode
    enum_value: Config.ToolbarMode.ValueType | None = getattr(
                                                      ^^^^^^^^
  File "/home/ubuntu/bh_etl_task/venv/lib/python3.12/site-packages/google/protobuf/internal/enum_type_wrapper.py", line 102, in __getattr__
    raise AttributeError('Enum {} has no value defined for name {!r}'.format(
AttributeError: Enum ToolbarMode has no value defined for name 'HIDDEN'
2026-01-28 22:37:19.309 Please replace `use_container_width` with `width`.

`use_container_width` will be removed after 2025-12-31.

For `use_container_width=True`, use `width='stretch'`. For `use_container_width=False`, use `width='content'` or specify an integer width.
Exception in callback AppSession._on_scriptrunner_event.<locals>.<lambda>() at /home/ubuntu/bh_etl_task/venv/lib/python3.12/site-packages/streamlit/runtime/app_session.py:544
handle: <Handle AppSession._on_scriptrunner_event.<locals>.<lambda>() at /home/ubuntu/bh_etl_task/venv/lib/python3.12/site-packages/streamlit/runtime/app_session.py:544>
Traceback (most recent call last):
  File "/usr/lib/python3.12/asyncio/events.py", line 88, in _run
    self._context.run(self._callback, *self._args)
  File "/home/ubuntu/bh_etl_task/venv/lib/python3.12/site-packages/streamlit/runtime/app_session.py", line 544, in <lambda>
    lambda: self._handle_scriptrunner_event_on_event_loop(
            ^^^^^^^^^^^^^^^^^^^^^^^^^^^^^^^^^^^^^^^^^^^^^^
  File "/home/ubuntu/bh_etl_task/venv/lib/python3.12/site-packages/streamlit/runtime/app_session.py", line 641, in _handle_scriptrunner_event_on_event_loop
    msg = self._create_new_session_message(
          ^^^^^^^^^^^^^^^^^^^^^^^^^^^^^^^^^
  File "/home/ubuntu/bh_etl_task/venv/lib/python3.12/site-packages/streamlit/runtime/app_session.py", line 763, in _create_new_session_message
    _populate_config_msg(msg.new_session.config)
  File "/home/ubuntu/bh_etl_task/venv/lib/python3.12/site-packages/streamlit/runtime/app_session.py", line 1016, in _populate_config_msg
    msg.toolbar_mode = _get_toolbar_mode()
                       ^^^^^^^^^^^^^^^^^^^
  File "/home/ubuntu/bh_etl_task/venv/lib/python3.12/site-packages/streamlit/runtime/app_session.py", line 996, in _get_toolbar_mode
    enum_value: Config.ToolbarMode.ValueType | None = getattr(
                                                      ^^^^^^^^
  File "/home/ubuntu/bh_etl_task/venv/lib/python3.12/site-packages/google/protobuf/internal/enum_type_wrapper.py", line 102, in __getattr__
    raise AttributeError('Enum {} has no value defined for name {!r}'.format(
AttributeError: Enum ToolbarMode has no value defined for name 'HIDDEN'
2026-01-28 22:37:22.295 Please replace `use_container_width` with `width`.

`use_container_width` will be removed after 2025-12-31.

For `use_container_width=True`, use `width='stretch'`. For `use_container_width=False`, use `width='content'` or specify an integer width.
Exception in callback AppSession._on_scriptrunner_event.<locals>.<lambda>() at /home/ubuntu/bh_etl_task/venv/lib/python3.12/site-packages/streamlit/runtime/app_session.py:544
handle: <Handle AppSession._on_scriptrunner_event.<locals>.<lambda>() at /home/ubuntu/bh_etl_task/venv/lib/python3.12/site-packages/streamlit/runtime/app_session.py:544>
Traceback (most recent call last):
  File "/usr/lib/python3.12/asyncio/events.py", line 88, in _run
    self._context.run(self._callback, *self._args)
  File "/home/ubuntu/bh_etl_task/venv/lib/python3.12/site-packages/streamlit/runtime/app_session.py", line 544, in <lambda>
    lambda: self._handle_scriptrunner_event_on_event_loop(
            ^^^^^^^^^^^^^^^^^^^^^^^^^^^^^^^^^^^^^^^^^^^^^^
  File "/home/ubuntu/bh_etl_task/venv/lib/python3.12/site-packages/streamlit/runtime/app_session.py", line 641, in _handle_scriptrunner_event_on_event_loop
    msg = self._create_new_session_message(
          ^^^^^^^^^^^^^^^^^^^^^^^^^^^^^^^^^
  File "/home/ubuntu/bh_etl_task/venv/lib/python3.12/site-packages/streamlit/runtime/app_session.py", line 763, in _create_new_session_message
    _populate_config_msg(msg.new_session.config)
  File "/home/ubuntu/bh_etl_task/venv/lib/python3.12/site-packages/streamlit/runtime/app_session.py", line 1016, in _populate_config_msg
    msg.toolbar_mode = _get_toolbar_mode()
                       ^^^^^^^^^^^^^^^^^^^
  File "/home/ubuntu/bh_etl_task/venv/lib/python3.12/site-packages/streamlit/runtime/app_session.py", line 996, in _get_toolbar_mode
    enum_value: Config.ToolbarMode.ValueType | None = getattr(
                                                      ^^^^^^^^
  File "/home/ubuntu/bh_etl_task/venv/lib/python3.12/site-packages/google/protobuf/internal/enum_type_wrapper.py", line 102, in __getattr__
    raise AttributeError('Enum {} has no value defined for name {!r}'.format(
AttributeError: Enum ToolbarMode has no value defined for name 'HIDDEN'
2026-01-28 22:55:37.481 Please replace `use_container_width` with `width`.

`use_container_width` will be removed after 2025-12-31.

For `use_container_width=True`, use `width='stretch'`. For `use_container_width=False`, use `width='content'` or specify an integer width.
Exception in callback AppSession._on_scriptrunner_event.<locals>.<lambda>() at /home/ubuntu/bh_etl_task/venv/lib/python3.12/site-packages/streamlit/runtime/app_session.py:544
handle: <Handle AppSession._on_scriptrunner_event.<locals>.<lambda>() at /home/ubuntu/bh_etl_task/venv/lib/python3.12/site-packages/streamlit/runtime/app_session.py:544>
Traceback (most recent call last):
  File "/usr/lib/python3.12/asyncio/events.py", line 88, in _run
    self._context.run(self._callback, *self._args)
  File "/home/ubuntu/bh_etl_task/venv/lib/python3.12/site-packages/streamlit/runtime/app_session.py", line 544, in <lambda>
    lambda: self._handle_scriptrunner_event_on_event_loop(
            ^^^^^^^^^^^^^^^^^^^^^^^^^^^^^^^^^^^^^^^^^^^^^^
  File "/home/ubuntu/bh_etl_task/venv/lib/python3.12/site-packages/streamlit/runtime/app_session.py", line 641, in _handle_scriptrunner_event_on_event_loop
    msg = self._create_new_session_message(
          ^^^^^^^^^^^^^^^^^^^^^^^^^^^^^^^^^
  File "/home/ubuntu/bh_etl_task/venv/lib/python3.12/site-packages/streamlit/runtime/app_session.py", line 763, in _create_new_session_message
    _populate_config_msg(msg.new_session.config)
  File "/home/ubuntu/bh_etl_task/venv/lib/python3.12/site-packages/streamlit/runtime/app_session.py", line 1016, in _populate_config_msg
    msg.toolbar_mode = _get_toolbar_mode()
                       ^^^^^^^^^^^^^^^^^^^
  File "/home/ubuntu/bh_etl_task/venv/lib/python3.12/site-packages/streamlit/runtime/app_session.py", line 996, in _get_toolbar_mode
    enum_value: Config.ToolbarMode.ValueType | None = getattr(
                                                      ^^^^^^^^
  File "/home/ubuntu/bh_etl_task/venv/lib/python3.12/site-packages/google/protobuf/internal/enum_type_wrapper.py", line 102, in __getattr__
    raise AttributeError('Enum {} has no value defined for name {!r}'.format(
AttributeError: Enum ToolbarMode has no value defined for name 'HIDDEN'
2026-01-28 22:55:50.096 Please replace `use_container_width` with `width`.

`use_container_width` will be removed after 2025-12-31.

For `use_container_width=True`, use `width='stretch'`. For `use_container_width=False`, use `width='content'` or specify an integer width.
Exception in callback AppSession._on_scriptrunner_event.<locals>.<lambda>() at /home/ubuntu/bh_etl_task/venv/lib/python3.12/site-packages/streamlit/runtime/app_session.py:544
handle: <Handle AppSession._on_scriptrunner_event.<locals>.<lambda>() at /home/ubuntu/bh_etl_task/venv/lib/python3.12/site-packages/streamlit/runtime/app_session.py:544>
Traceback (most recent call last):
  File "/usr/lib/python3.12/asyncio/events.py", line 88, in _run
    self._context.run(self._callback, *self._args)
  File "/home/ubuntu/bh_etl_task/venv/lib/python3.12/site-packages/streamlit/runtime/app_session.py", line 544, in <lambda>
    lambda: self._handle_scriptrunner_event_on_event_loop(
            ^^^^^^^^^^^^^^^^^^^^^^^^^^^^^^^^^^^^^^^^^^^^^^
  File "/home/ubuntu/bh_etl_task/venv/lib/python3.12/site-packages/streamlit/runtime/app_session.py", line 641, in _handle_scriptrunner_event_on_event_loop
    msg = self._create_new_session_message(
          ^^^^^^^^^^^^^^^^^^^^^^^^^^^^^^^^^
  File "/home/ubuntu/bh_etl_task/venv/lib/python3.12/site-packages/streamlit/runtime/app_session.py", line 763, in _create_new_session_message
    _populate_config_msg(msg.new_session.config)
  File "/home/ubuntu/bh_etl_task/venv/lib/python3.12/site-packages/streamlit/runtime/app_session.py", line 1016, in _populate_config_msg
    msg.toolbar_mode = _get_toolbar_mode()
                       ^^^^^^^^^^^^^^^^^^^
  File "/home/ubuntu/bh_etl_task/venv/lib/python3.12/site-packages/streamlit/runtime/app_session.py", line 996, in _get_toolbar_mode
    enum_value: Config.ToolbarMode.ValueType | None = getattr(
                                                      ^^^^^^^^
  File "/home/ubuntu/bh_etl_task/venv/lib/python3.12/site-packages/google/protobuf/internal/enum_type_wrapper.py", line 102, in __getattr__
    raise AttributeError('Enum {} has no value defined for name {!r}'.format(
AttributeError: Enum ToolbarMode has no value defined for name 'HIDDEN'
2026-01-28 22:59:32.517 Please replace `use_container_width` with `width`.

`use_container_width` will be removed after 2025-12-31.

For `use_container_width=True`, use `width='stretch'`. For `use_container_width=False`, use `width='content'` or specify an integer width.
Exception in callback AppSession._on_scriptrunner_event.<locals>.<lambda>() at /home/ubuntu/bh_etl_task/venv/lib/python3.12/site-packages/streamlit/runtime/app_session.py:544
handle: <Handle AppSession._on_scriptrunner_event.<locals>.<lambda>() at /home/ubuntu/bh_etl_task/venv/lib/python3.12/site-packages/streamlit/runtime/app_session.py:544>
Traceback (most recent call last):
  File "/usr/lib/python3.12/asyncio/events.py", line 88, in _run
    self._context.run(self._callback, *self._args)
  File "/home/ubuntu/bh_etl_task/venv/lib/python3.12/site-packages/streamlit/runtime/app_session.py", line 544, in <lambda>
    lambda: self._handle_scriptrunner_event_on_event_loop(
            ^^^^^^^^^^^^^^^^^^^^^^^^^^^^^^^^^^^^^^^^^^^^^^
  File "/home/ubuntu/bh_etl_task/venv/lib/python3.12/site-packages/streamlit/runtime/app_session.py", line 641, in _handle_scriptrunner_event_on_event_loop
    msg = self._create_new_session_message(
          ^^^^^^^^^^^^^^^^^^^^^^^^^^^^^^^^^
  File "/home/ubuntu/bh_etl_task/venv/lib/python3.12/site-packages/streamlit/runtime/app_session.py", line 763, in _create_new_session_message
    _populate_config_msg(msg.new_session.config)
  File "/home/ubuntu/bh_etl_task/venv/lib/python3.12/site-packages/streamlit/runtime/app_session.py", line 1016, in _populate_config_msg
    msg.toolbar_mode = _get_toolbar_mode()
                       ^^^^^^^^^^^^^^^^^^^
  File "/home/ubuntu/bh_etl_task/venv/lib/python3.12/site-packages/streamlit/runtime/app_session.py", line 996, in _get_toolbar_mode
    enum_value: Config.ToolbarMode.ValueType | None = getattr(
                                                      ^^^^^^^^
  File "/home/ubuntu/bh_etl_task/venv/lib/python3.12/site-packages/google/protobuf/internal/enum_type_wrapper.py", line 102, in __getattr__
    raise AttributeError('Enum {} has no value defined for name {!r}'.format(
AttributeError: Enum ToolbarMode has no value defined for name 'HIDDEN'
2026-01-28 23:07:11.744 Please replace `use_container_width` with `width`.

`use_container_width` will be removed after 2025-12-31.

For `use_container_width=True`, use `width='stretch'`. For `use_container_width=False`, use `width='content'` or specify an integer width.
Exception in callback AppSession._on_scriptrunner_event.<locals>.<lambda>() at /home/ubuntu/bh_etl_task/venv/lib/python3.12/site-packages/streamlit/runtime/app_session.py:544
handle: <Handle AppSession._on_scriptrunner_event.<locals>.<lambda>() at /home/ubuntu/bh_etl_task/venv/lib/python3.12/site-packages/streamlit/runtime/app_session.py:544>
Traceback (most recent call last):
  File "/usr/lib/python3.12/asyncio/events.py", line 88, in _run
    self._context.run(self._callback, *self._args)
  File "/home/ubuntu/bh_etl_task/venv/lib/python3.12/site-packages/streamlit/runtime/app_session.py", line 544, in <lambda>
    lambda: self._handle_scriptrunner_event_on_event_loop(
            ^^^^^^^^^^^^^^^^^^^^^^^^^^^^^^^^^^^^^^^^^^^^^^
  File "/home/ubuntu/bh_etl_task/venv/lib/python3.12/site-packages/streamlit/runtime/app_session.py", line 641, in _handle_scriptrunner_event_on_event_loop
    msg = self._create_new_session_message(
          ^^^^^^^^^^^^^^^^^^^^^^^^^^^^^^^^^
  File "/home/ubuntu/bh_etl_task/venv/lib/python3.12/site-packages/streamlit/runtime/app_session.py", line 763, in _create_new_session_message
    _populate_config_msg(msg.new_session.config)
  File "/home/ubuntu/bh_etl_task/venv/lib/python3.12/site-packages/streamlit/runtime/app_session.py", line 1016, in _populate_config_msg
    msg.toolbar_mode = _get_toolbar_mode()
                       ^^^^^^^^^^^^^^^^^^^
  File "/home/ubuntu/bh_etl_task/venv/lib/python3.12/site-packages/streamlit/runtime/app_session.py", line 996, in _get_toolbar_mode
    enum_value: Config.ToolbarMode.ValueType | None = getattr(
                                                      ^^^^^^^^
  File "/home/ubuntu/bh_etl_task/venv/lib/python3.12/site-packages/google/protobuf/internal/enum_type_wrapper.py", line 102, in __getattr__
    raise AttributeError('Enum {} has no value defined for name {!r}'.format(
AttributeError: Enum ToolbarMode has no value defined for name 'HIDDEN'
2026-01-28 23:12:01.105 Please replace `use_container_width` with `width`.

`use_container_width` will be removed after 2025-12-31.

For `use_container_width=True`, use `width='stretch'`. For `use_container_width=False`, use `width='content'` or specify an integer width.
Exception in callback AppSession._on_scriptrunner_event.<locals>.<lambda>() at /home/ubuntu/bh_etl_task/venv/lib/python3.12/site-packages/streamlit/runtime/app_session.py:544
handle: <Handle AppSession._on_scriptrunner_event.<locals>.<lambda>() at /home/ubuntu/bh_etl_task/venv/lib/python3.12/site-packages/streamlit/runtime/app_session.py:544>
Traceback (most recent call last):
  File "/usr/lib/python3.12/asyncio/events.py", line 88, in _run
    self._context.run(self._callback, *self._args)
  File "/home/ubuntu/bh_etl_task/venv/lib/python3.12/site-packages/streamlit/runtime/app_session.py", line 544, in <lambda>
    lambda: self._handle_scriptrunner_event_on_event_loop(
            ^^^^^^^^^^^^^^^^^^^^^^^^^^^^^^^^^^^^^^^^^^^^^^
  File "/home/ubuntu/bh_etl_task/venv/lib/python3.12/site-packages/streamlit/runtime/app_session.py", line 641, in _handle_scriptrunner_event_on_event_loop
    msg = self._create_new_session_message(
          ^^^^^^^^^^^^^^^^^^^^^^^^^^^^^^^^^
  File "/home/ubuntu/bh_etl_task/venv/lib/python3.12/site-packages/streamlit/runtime/app_session.py", line 763, in _create_new_session_message
    _populate_config_msg(msg.new_session.config)
  File "/home/ubuntu/bh_etl_task/venv/lib/python3.12/site-packages/streamlit/runtime/app_session.py", line 1016, in _populate_config_msg
    msg.toolbar_mode = _get_toolbar_mode()
                       ^^^^^^^^^^^^^^^^^^^
  File "/home/ubuntu/bh_etl_task/venv/lib/python3.12/site-packages/streamlit/runtime/app_session.py", line 996, in _get_toolbar_mode
    enum_value: Config.ToolbarMode.ValueType | None = getattr(
                                                      ^^^^^^^^
  File "/home/ubuntu/bh_etl_task/venv/lib/python3.12/site-packages/google/protobuf/internal/enum_type_wrapper.py", line 102, in __getattr__
    raise AttributeError('Enum {} has no value defined for name {!r}'.format(
AttributeError: Enum ToolbarMode has no value defined for name 'HIDDEN'
2026-01-28 23:12:28.186 Please replace `use_container_width` with `width`.

`use_container_width` will be removed after 2025-12-31.

For `use_container_width=True`, use `width='stretch'`. For `use_container_width=False`, use `width='content'` or specify an integer width.
Exception in callback AppSession._on_scriptrunner_event.<locals>.<lambda>() at /home/ubuntu/bh_etl_task/venv/lib/python3.12/site-packages/streamlit/runtime/app_session.py:544
handle: <Handle AppSession._on_scriptrunner_event.<locals>.<lambda>() at /home/ubuntu/bh_etl_task/venv/lib/python3.12/site-packages/streamlit/runtime/app_session.py:544>
Traceback (most recent call last):
  File "/usr/lib/python3.12/asyncio/events.py", line 88, in _run
    self._context.run(self._callback, *self._args)
  File "/home/ubuntu/bh_etl_task/venv/lib/python3.12/site-packages/streamlit/runtime/app_session.py", line 544, in <lambda>
    lambda: self._handle_scriptrunner_event_on_event_loop(
            ^^^^^^^^^^^^^^^^^^^^^^^^^^^^^^^^^^^^^^^^^^^^^^
  File "/home/ubuntu/bh_etl_task/venv/lib/python3.12/site-packages/streamlit/runtime/app_session.py", line 641, in _handle_scriptrunner_event_on_event_loop
    msg = self._create_new_session_message(
          ^^^^^^^^^^^^^^^^^^^^^^^^^^^^^^^^^
  File "/home/ubuntu/bh_etl_task/venv/lib/python3.12/site-packages/streamlit/runtime/app_session.py", line 763, in _create_new_session_message
    _populate_config_msg(msg.new_session.config)
  File "/home/ubuntu/bh_etl_task/venv/lib/python3.12/site-packages/streamlit/runtime/app_session.py", line 1016, in _populate_config_msg
    msg.toolbar_mode = _get_toolbar_mode()
                       ^^^^^^^^^^^^^^^^^^^
  File "/home/ubuntu/bh_etl_task/venv/lib/python3.12/site-packages/streamlit/runtime/app_session.py", line 996, in _get_toolbar_mode
    enum_value: Config.ToolbarMode.ValueType | None = getattr(
                                                      ^^^^^^^^
  File "/home/ubuntu/bh_etl_task/venv/lib/python3.12/site-packages/google/protobuf/internal/enum_type_wrapper.py", line 102, in __getattr__
    raise AttributeError('Enum {} has no value defined for name {!r}'.format(
AttributeError: Enum ToolbarMode has no value defined for name 'HIDDEN'
2026-01-28 23:18:10.524 Please replace `use_container_width` with `width`.

`use_container_width` will be removed after 2025-12-31.

For `use_container_width=True`, use `width='stretch'`. For `use_container_width=False`, use `width='content'` or specify an integer width.
Exception in callback AppSession._on_scriptrunner_event.<locals>.<lambda>() at /home/ubuntu/bh_etl_task/venv/lib/python3.12/site-packages/streamlit/runtime/app_session.py:544
handle: <Handle AppSession._on_scriptrunner_event.<locals>.<lambda>() at /home/ubuntu/bh_etl_task/venv/lib/python3.12/site-packages/streamlit/runtime/app_session.py:544>
Traceback (most recent call last):
  File "/usr/lib/python3.12/asyncio/events.py", line 88, in _run
    self._context.run(self._callback, *self._args)
  File "/home/ubuntu/bh_etl_task/venv/lib/python3.12/site-packages/streamlit/runtime/app_session.py", line 544, in <lambda>
    lambda: self._handle_scriptrunner_event_on_event_loop(
            ^^^^^^^^^^^^^^^^^^^^^^^^^^^^^^^^^^^^^^^^^^^^^^
  File "/home/ubuntu/bh_etl_task/venv/lib/python3.12/site-packages/streamlit/runtime/app_session.py", line 641, in _handle_scriptrunner_event_on_event_loop
    msg = self._create_new_session_message(
          ^^^^^^^^^^^^^^^^^^^^^^^^^^^^^^^^^
  File "/home/ubuntu/bh_etl_task/venv/lib/python3.12/site-packages/streamlit/runtime/app_session.py", line 763, in _create_new_session_message
    _populate_config_msg(msg.new_session.config)
  File "/home/ubuntu/bh_etl_task/venv/lib/python3.12/site-packages/streamlit/runtime/app_session.py", line 1016, in _populate_config_msg
    msg.toolbar_mode = _get_toolbar_mode()
                       ^^^^^^^^^^^^^^^^^^^
  File "/home/ubuntu/bh_etl_task/venv/lib/python3.12/site-packages/streamlit/runtime/app_session.py", line 996, in _get_toolbar_mode
    enum_value: Config.ToolbarMode.ValueType | None = getattr(
                                                      ^^^^^^^^
  File "/home/ubuntu/bh_etl_task/venv/lib/python3.12/site-packages/google/protobuf/internal/enum_type_wrapper.py", line 102, in __getattr__
    raise AttributeError('Enum {} has no value defined for name {!r}'.format(
AttributeError: Enum ToolbarMode has no value defined for name 'HIDDEN'
2026-01-28 23:18:28.621 Please replace `use_container_width` with `width`.

`use_container_width` will be removed after 2025-12-31.

For `use_container_width=True`, use `width='stretch'`. For `use_container_width=False`, use `width='content'` or specify an integer width.
Exception in callback AppSession._on_scriptrunner_event.<locals>.<lambda>() at /home/ubuntu/bh_etl_task/venv/lib/python3.12/site-packages/streamlit/runtime/app_session.py:544
handle: <Handle AppSession._on_scriptrunner_event.<locals>.<lambda>() at /home/ubuntu/bh_etl_task/venv/lib/python3.12/site-packages/streamlit/runtime/app_session.py:544>
Traceback (most recent call last):
  File "/usr/lib/python3.12/asyncio/events.py", line 88, in _run
    self._context.run(self._callback, *self._args)
  File "/home/ubuntu/bh_etl_task/venv/lib/python3.12/site-packages/streamlit/runtime/app_session.py", line 544, in <lambda>
    lambda: self._handle_scriptrunner_event_on_event_loop(
            ^^^^^^^^^^^^^^^^^^^^^^^^^^^^^^^^^^^^^^^^^^^^^^
  File "/home/ubuntu/bh_etl_task/venv/lib/python3.12/site-packages/streamlit/runtime/app_session.py", line 641, in _handle_scriptrunner_event_on_event_loop
    msg = self._create_new_session_message(
          ^^^^^^^^^^^^^^^^^^^^^^^^^^^^^^^^^
  File "/home/ubuntu/bh_etl_task/venv/lib/python3.12/site-packages/streamlit/runtime/app_session.py", line 763, in _create_new_session_message
    _populate_config_msg(msg.new_session.config)
  File "/home/ubuntu/bh_etl_task/venv/lib/python3.12/site-packages/streamlit/runtime/app_session.py", line 1016, in _populate_config_msg
    msg.toolbar_mode = _get_toolbar_mode()
                       ^^^^^^^^^^^^^^^^^^^
  File "/home/ubuntu/bh_etl_task/venv/lib/python3.12/site-packages/streamlit/runtime/app_session.py", line 996, in _get_toolbar_mode
    enum_value: Config.ToolbarMode.ValueType | None = getattr(
                                                      ^^^^^^^^
  File "/home/ubuntu/bh_etl_task/venv/lib/python3.12/site-packages/google/protobuf/internal/enum_type_wrapper.py", line 102, in __getattr__
    raise AttributeError('Enum {} has no value defined for name {!r}'.format(
AttributeError: Enum ToolbarMode has no value defined for name 'HIDDEN'
2026-01-28 23:18:33.167 Please replace `use_container_width` with `width`.

`use_container_width` will be removed after 2025-12-31.

For `use_container_width=True`, use `width='stretch'`. For `use_container_width=False`, use `width='content'` or specify an integer width.
Exception in callback AppSession._on_scriptrunner_event.<locals>.<lambda>() at /home/ubuntu/bh_etl_task/venv/lib/python3.12/site-packages/streamlit/runtime/app_session.py:544
handle: <Handle AppSession._on_scriptrunner_event.<locals>.<lambda>() at /home/ubuntu/bh_etl_task/venv/lib/python3.12/site-packages/streamlit/runtime/app_session.py:544>
Traceback (most recent call last):
  File "/usr/lib/python3.12/asyncio/events.py", line 88, in _run
    self._context.run(self._callback, *self._args)
  File "/home/ubuntu/bh_etl_task/venv/lib/python3.12/site-packages/streamlit/runtime/app_session.py", line 544, in <lambda>
    lambda: self._handle_scriptrunner_event_on_event_loop(
            ^^^^^^^^^^^^^^^^^^^^^^^^^^^^^^^^^^^^^^^^^^^^^^
  File "/home/ubuntu/bh_etl_task/venv/lib/python3.12/site-packages/streamlit/runtime/app_session.py", line 641, in _handle_scriptrunner_event_on_event_loop
    msg = self._create_new_session_message(
          ^^^^^^^^^^^^^^^^^^^^^^^^^^^^^^^^^
  File "/home/ubuntu/bh_etl_task/venv/lib/python3.12/site-packages/streamlit/runtime/app_session.py", line 763, in _create_new_session_message
    _populate_config_msg(msg.new_session.config)
  File "/home/ubuntu/bh_etl_task/venv/lib/python3.12/site-packages/streamlit/runtime/app_session.py", line 1016, in _populate_config_msg
    msg.toolbar_mode = _get_toolbar_mode()
                       ^^^^^^^^^^^^^^^^^^^
  File "/home/ubuntu/bh_etl_task/venv/lib/python3.12/site-packages/streamlit/runtime/app_session.py", line 996, in _get_toolbar_mode
    enum_value: Config.ToolbarMode.ValueType | None = getattr(
                                                      ^^^^^^^^
  File "/home/ubuntu/bh_etl_task/venv/lib/python3.12/site-packages/google/protobuf/internal/enum_type_wrapper.py", line 102, in __getattr__
    raise AttributeError('Enum {} has no value defined for name {!r}'.format(
AttributeError: Enum ToolbarMode has no value defined for name 'HIDDEN'
2026-01-28 23:18:37.314 Please replace `use_container_width` with `width`.

`use_container_width` will be removed after 2025-12-31.

For `use_container_width=True`, use `width='stretch'`. For `use_container_width=False`, use `width='content'` or specify an integer width.
Exception in callback AppSession._on_scriptrunner_event.<locals>.<lambda>() at /home/ubuntu/bh_etl_task/venv/lib/python3.12/site-packages/streamlit/runtime/app_session.py:544
handle: <Handle AppSession._on_scriptrunner_event.<locals>.<lambda>() at /home/ubuntu/bh_etl_task/venv/lib/python3.12/site-packages/streamlit/runtime/app_session.py:544>
Traceback (most recent call last):
  File "/usr/lib/python3.12/asyncio/events.py", line 88, in _run
    self._context.run(self._callback, *self._args)
  File "/home/ubuntu/bh_etl_task/venv/lib/python3.12/site-packages/streamlit/runtime/app_session.py", line 544, in <lambda>
    lambda: self._handle_scriptrunner_event_on_event_loop(
            ^^^^^^^^^^^^^^^^^^^^^^^^^^^^^^^^^^^^^^^^^^^^^^
  File "/home/ubuntu/bh_etl_task/venv/lib/python3.12/site-packages/streamlit/runtime/app_session.py", line 641, in _handle_scriptrunner_event_on_event_loop
    msg = self._create_new_session_message(
          ^^^^^^^^^^^^^^^^^^^^^^^^^^^^^^^^^
  File "/home/ubuntu/bh_etl_task/venv/lib/python3.12/site-packages/streamlit/runtime/app_session.py", line 763, in _create_new_session_message
    _populate_config_msg(msg.new_session.config)
  File "/home/ubuntu/bh_etl_task/venv/lib/python3.12/site-packages/streamlit/runtime/app_session.py", line 1016, in _populate_config_msg
    msg.toolbar_mode = _get_toolbar_mode()
                       ^^^^^^^^^^^^^^^^^^^
  File "/home/ubuntu/bh_etl_task/venv/lib/python3.12/site-packages/streamlit/runtime/app_session.py", line 996, in _get_toolbar_mode
    enum_value: Config.ToolbarMode.ValueType | None = getattr(
                                                      ^^^^^^^^
  File "/home/ubuntu/bh_etl_task/venv/lib/python3.12/site-packages/google/protobuf/internal/enum_type_wrapper.py", line 102, in __getattr__
    raise AttributeError('Enum {} has no value defined for name {!r}'.format(
AttributeError: Enum ToolbarMode has no value defined for name 'HIDDEN'
2026-01-28 23:18:42.602 Please replace `use_container_width` with `width`.

`use_container_width` will be removed after 2025-12-31.

For `use_container_width=True`, use `width='stretch'`. For `use_container_width=False`, use `width='content'` or specify an integer width.
Exception in callback AppSession._on_scriptrunner_event.<locals>.<lambda>() at /home/ubuntu/bh_etl_task/venv/lib/python3.12/site-packages/streamlit/runtime/app_session.py:544
handle: <Handle AppSession._on_scriptrunner_event.<locals>.<lambda>() at /home/ubuntu/bh_etl_task/venv/lib/python3.12/site-packages/streamlit/runtime/app_session.py:544>
Traceback (most recent call last):
  File "/usr/lib/python3.12/asyncio/events.py", line 88, in _run
    self._context.run(self._callback, *self._args)
  File "/home/ubuntu/bh_etl_task/venv/lib/python3.12/site-packages/streamlit/runtime/app_session.py", line 544, in <lambda>
    lambda: self._handle_scriptrunner_event_on_event_loop(
            ^^^^^^^^^^^^^^^^^^^^^^^^^^^^^^^^^^^^^^^^^^^^^^
  File "/home/ubuntu/bh_etl_task/venv/lib/python3.12/site-packages/streamlit/runtime/app_session.py", line 641, in _handle_scriptrunner_event_on_event_loop
    msg = self._create_new_session_message(
          ^^^^^^^^^^^^^^^^^^^^^^^^^^^^^^^^^
  File "/home/ubuntu/bh_etl_task/venv/lib/python3.12/site-packages/streamlit/runtime/app_session.py", line 763, in _create_new_session_message
    _populate_config_msg(msg.new_session.config)
  File "/home/ubuntu/bh_etl_task/venv/lib/python3.12/site-packages/streamlit/runtime/app_session.py", line 1016, in _populate_config_msg
    msg.toolbar_mode = _get_toolbar_mode()
                       ^^^^^^^^^^^^^^^^^^^
  File "/home/ubuntu/bh_etl_task/venv/lib/python3.12/site-packages/streamlit/runtime/app_session.py", line 996, in _get_toolbar_mode
    enum_value: Config.ToolbarMode.ValueType | None = getattr(
                                                      ^^^^^^^^
  File "/home/ubuntu/bh_etl_task/venv/lib/python3.12/site-packages/google/protobuf/internal/enum_type_wrapper.py", line 102, in __getattr__
    raise AttributeError('Enum {} has no value defined for name {!r}'.format(
AttributeError: Enum ToolbarMode has no value defined for name 'HIDDEN'
2026-01-28 23:18:46.506 Please replace `use_container_width` with `width`.

`use_container_width` will be removed after 2025-12-31.

For `use_container_width=True`, use `width='stretch'`. For `use_container_width=False`, use `width='content'` or specify an integer width.
Exception in callback AppSession._on_scriptrunner_event.<locals>.<lambda>() at /home/ubuntu/bh_etl_task/venv/lib/python3.12/site-packages/streamlit/runtime/app_session.py:544
handle: <Handle AppSession._on_scriptrunner_event.<locals>.<lambda>() at /home/ubuntu/bh_etl_task/venv/lib/python3.12/site-packages/streamlit/runtime/app_session.py:544>
Traceback (most recent call last):
  File "/usr/lib/python3.12/asyncio/events.py", line 88, in _run
    self._context.run(self._callback, *self._args)
  File "/home/ubuntu/bh_etl_task/venv/lib/python3.12/site-packages/streamlit/runtime/app_session.py", line 544, in <lambda>
    lambda: self._handle_scriptrunner_event_on_event_loop(
            ^^^^^^^^^^^^^^^^^^^^^^^^^^^^^^^^^^^^^^^^^^^^^^
  File "/home/ubuntu/bh_etl_task/venv/lib/python3.12/site-packages/streamlit/runtime/app_session.py", line 641, in _handle_scriptrunner_event_on_event_loop
    msg = self._create_new_session_message(
          ^^^^^^^^^^^^^^^^^^^^^^^^^^^^^^^^^
  File "/home/ubuntu/bh_etl_task/venv/lib/python3.12/site-packages/streamlit/runtime/app_session.py", line 763, in _create_new_session_message
    _populate_config_msg(msg.new_session.config)
  File "/home/ubuntu/bh_etl_task/venv/lib/python3.12/site-packages/streamlit/runtime/app_session.py", line 1016, in _populate_config_msg
    msg.toolbar_mode = _get_toolbar_mode()
                       ^^^^^^^^^^^^^^^^^^^
  File "/home/ubuntu/bh_etl_task/venv/lib/python3.12/site-packages/streamlit/runtime/app_session.py", line 996, in _get_toolbar_mode
    enum_value: Config.ToolbarMode.ValueType | None = getattr(
                                                      ^^^^^^^^
  File "/home/ubuntu/bh_etl_task/venv/lib/python3.12/site-packages/google/protobuf/internal/enum_type_wrapper.py", line 102, in __getattr__
    raise AttributeError('Enum {} has no value defined for name {!r}'.format(
AttributeError: Enum ToolbarMode has no value defined for name 'HIDDEN'
2026-01-28 23:18:52.802 Please replace `use_container_width` with `width`.

`use_container_width` will be removed after 2025-12-31.

For `use_container_width=True`, use `width='stretch'`. For `use_container_width=False`, use `width='content'` or specify an integer width.
